<?xml version="1.0" encoding="UTF-8"?>
<!-- Generated by org.testng.reporters.JUnitReportReporter -->
<testsuite hostname="DESKTOP-CS0F2RS" failures="0" tests="1" name="Annotation" time="0.014" errors="0" timestamp="2023-08-23T17:25:34 IST" skipped="0">
  <testcase classname="Annotation" name="test" time="0.014"/>
  <system-out/>
</testsuite> <!-- Annotation -->
